0:100  0:100  MemLog inited, TSC freq: 2494220766
0:100  0:000  
0:100  0:000  Now is 14.1.2016,  5:8:20 (GMT+2047)
0:100  0:000  Starting Clover rev 3330 on American Megatrends EFI
0:100  0:000  SelfDevicePath=PciRoot(0x0)\Pci(0x1F,0x2)\Sata(0x4,0xFFFF,0x0)\HD(1,GPT,4DAD1FD7-CD8D-4659-9658-17897C7C2B6B,0x800,0x12C000) @BF374598
0:100  0:000  SelfDirPath = \EFI\CLOVER
0:100  0:000  Total Memory Slots Count = 2
0:100  0:000  Type 17 Index = 0
0:100  0:000  SmbiosTable.Type17->Speed = 1600MHz
0:100  0:000  SmbiosTable.Type17->Size = 4096MB
0:100  0:000  SmbiosTable.Type17->Bank/Device = DIMM_A DIMM_A
0:100  0:000  Type 17 Index = 1
0:100  0:000  SmbiosTable.Type17->Speed = 1600MHz
0:100  0:000  SmbiosTable.Type17->Size = 4096MB
0:100  0:000  SmbiosTable.Type17->Bank/Device = DIMM_B DIMM_B
0:100  0:000  Boot status=0
0:100  0:000  Clover revision: 3330  running on Inspiron 7447
0:100  0:000  ... with board 0AM750
0:100  0:000  CPU Vendor = 756E6547 Model=306C3
0:100  0:000  The CPU supported turbo
0:100  0:000  BrandString = Intel(R) Core(TM) i7-4710HQ CPU @ 2.50GHz
0:100  0:000  MSR 0xE2 before patch 1E008405
0:100  0:000  MSR 0xE2 is locked, PM patches will be turned on
0:100  0:000  MSR 0xE4              00021814
0:100  0:000  MSR 0xCE              00080838_F3011900
0:100  0:000  non-usable FLEX_RATIO = 50000
0:100  0:000  corrected FLEX_RATIO = 40000
0:100  0:000  MSR 0x1B0             00000000
0:100  0:000  FSBFrequency=100MHz DMIvalue=100000kHz
0:100  0:000  Corrected FSBFrequency=100MHz
0:100  0:000  Vendor/Model/Stepping: 0x756E6547/0x3C/0x3
0:100  0:000  Family/ExtFamily: 0x6/0x0
0:100  0:000  MaxDiv/MinDiv: 25.0/8
0:100  0:000  Turbo: 33/33/34/35
0:100  0:000  Features: 0xBFEBFBFF
0:100  0:000  Threads: 8
0:100  0:000  Cores: 4
0:100  0:000  FSB: 100 MHz
0:100  0:000  CPU: 2500 MHz
0:100  0:000  TSC: 2500 MHz
0:100  0:000  PIS: 400 MHz
0:100  0:000  PCI (00|00:00.00) : 8086 0C04 class=060000
0:100  0:000  PCI (00|00:01.00) : 8086 0C01 class=060400
0:100  0:000  PCI (00|00:01.01) : 8086 0C05 class=060400
0:100  0:000  PCI (00|0A:00.00) : 10DE 1391 class=030200
0:100  0:000  PCI (00|00:02.00) : 8086 0416 class=030000
0:100  0:000  Found GFX model=Intel HD Graphics 4600
0:100  0:000  PCI (00|00:03.00) : 8086 0C0C class=040300
0:100  0:000  PCI (00|00:04.00) : 8086 0C03 class=118000
0:100  0:000  PCI (00|00:14.00) : 8086 8C31 class=0C0330
0:100  0:000  PCI (00|00:16.00) : 8086 8C3A class=078000
0:100  0:000  PCI (00|00:16.01) : FFFF FFFF class=FFFFFF
0:100  0:000  PCI (00|00:1A.00) : 8086 8C2D class=0C0320
0:100  0:000  PCI (00|00:1B.00) : 8086 8C20 class=040300
0:100  0:000  PCI (00|00:1C.00) : 8086 8C10 class=060400
0:100  0:000  PCI (00|00:1C.02) : 8086 8C14 class=060400
0:100  0:000  PCI (00|06:00.00) : 10EC 8168 class=020000
0:100  0:000  LAN 0, Vendor=10EC, MMIO=D000
0:100  0:000  PCI (00|00:1C.03) : 8086 8C16 class=060400
0:100  0:000  PCI (00|07:00.00) : 8086 08B3 class=028000
0:100  0:000  PCI (00|00:1D.00) : 8086 8C26 class=0C0320
0:100  0:000  PCI (00|00:1F.00) : 8086 8C4B class=060100
0:100  0:000  PCI (00|00:1F.02) : 8086 8C03 class=010601
0:100  0:000  PCI (00|00:1F.03) : 8086 8C22 class=0C0500
0:100  0:000  PCI (00|00:1F.06) : 8086 8C24 class=118000
0:100  0:000  Clover load options size = 0 bytes
0:103  0:002  Using OEM config.plist at path: EFI\CLOVER\config.plist
0:103  0:000  EFI\CLOVER\config.plist loaded: Success
0:105  0:001  Found theme directory: gold_clover
0:107  0:002  Found theme directory: magnifico
0:108  0:001  Found theme directory: metal
0:111  0:002  Found theme directory: mrengles
0:112  0:001  Found theme directory: orange
0:115  0:002  Found theme directory: Shield
0:117  0:002  Found theme directory: sketched
0:119  0:001  Found theme directory: Space
0:121  0:002  Found theme directory: steampunkblack
0:123  0:002  Found theme directory: thinkpad
0:125  0:001  Found theme directory: eicapitan
0:127  0:002  Found theme directory: Yosemite
0:132  0:004  Found theme directory: applestyle
0:133  0:001  Found theme directory: BGM
0:136  0:002  Found theme directory: BGM256
0:138  0:002  Found theme directory: black_green
0:140  0:002  Found theme directory: bluemac
0:142  0:001  Found theme directory: bootcamp
0:144  0:001  Found theme directory: chrome
0:146  0:002  Found theme directory: CloverX
0:147  0:001  Found theme directory: dawn
0:149  0:001  Found theme directory: embedded
0:151  0:001  Found theme directory: iclover
0:153  0:001  Found theme directory: ios7
0:155  0:002  Found theme directory: os_box
0:157  0:001  Found theme directory: os_one
0:158  0:001  Found theme directory: mavsstyle
0:161  0:002  Loading early settings
0:161  0:000  timeout set to 5
0:161  0:000  Custom boot CUSTOM_BOOT_DISABLED (0x0)
0:161  0:000  KextsToPatch: 12 requested
0:161  0:000  KextsToPatch 0: AppleUSBXHCI (USB 3.0 Disable Intel USB3 controller check 10.10) Kext bin patch, data len: 9
0:161  0:000  KextsToPatch 1: IOAHCIBlockStorage (Enable Trim on SSD) Kext bin patch, data len: 9
0:161  0:000  KextsToPatch 2: AppleUSBXHCI (USB 3.0 Patch MSI or pin interrupts #1) Kext bin patch, data len: 7
0:161  0:000  KextsToPatch 3: IOAHCIBlockStorage (Still waiting for root 1) Kext bin patch, data len: 6
0:161  0:000  KextsToPatch 4: AppleUSBXHCI (USB 3.0 Disable XHCI 1.0 check 10.9) Kext bin patch, data len: 4
0:161  0:000  KextsToPatch 5: AppleIntelFramebufferAzul (Patch HD4400/4600 9mb Cursor bytes) Kext bin patch, data len: 20
0:161  0:000  KextsToPatch 6: AppleUSBXHCI (USB 3.0 Enable PCI power management) Kext bin patch, data len: 9
0:161  0:000  KextsToPatch 7: IOAHCIBlockStorage (Still waiting for root 2) Kext bin patch, data len: 9
0:161  0:000  KextsToPatch 8: AppleUSBXHCI (USB 3.0 Disable XHCI 1.0 check 10.10) Kext bin patch, data len: 11
0:161  0:000  KextsToPatch 9: AppleUSBXHCI (USB 3.0 Patch MSI or pin interrupts #2) Kext bin patch, data len: 8
0:161  0:000  KextsToPatch 10: AppleUSBXHCI (USB 3.0 Disable Intel USB3 controller check 10.9) Kext bin patch, data len: 9
0:161  0:000  KextsToPatch 11: AppleUSBXHCI (Enable USB3 after wake for Intel 8) Kext bin patch, data len: 7
0:161  0:000  Default theme: eicapitan
0:161  0:000  ** Warning: unknown custom entry Type 'Other'
0:161  0:000  LoadDrivers() start
0:164  0:003  Loading FSInject-64.efi  status=Success
0:165  0:000  Loading OsxAptioFixDrv-64.efi  status=Success
0:166  0:000  Loading HFSPlus.efi  status=Success
0:167  0:000   - driver needs connecting
0:167  0:000  Loading OsxFatBinaryDrv-64.efi  status=Success
0:167  0:000  1 drivers needs connecting ...
0:167  0:000  PlatformDriverOverrideProtocol->GetDriver overriden
0:167  0:000  HFS+ driver loaded 
0:167  0:000  Searching for invalid DiskIo BY_DRIVER connects: not found, all ok
0:581  0:413  LoadDrivers() end
0:581  0:000  Dump SMC keys from NVRAM:
0:590  0:008  SetMaxResolution: found best mode 3: 1366x768
0:590  0:000   - already set
0:590  0:000  Console modes reported: 5, available modes:
0:590  0:000    Mode 1: 80x25 (current mode)
0:590  0:000    Mode 3: 100x31
0:590  0:000    Mode 4: 80x25
0:590  0:000    Mode 5: 170x40
0:590  0:000  SetScreenResolution: 1366x768 - already set
0:590  0:000  reinit: self device path=PciRoot(0x0)\Pci(0x1F,0x2)\Sata(0x4,0xFFFF,0x0)\HD(1,GPT,4DAD1FD7-CD8D-4659-9658-17897C7C2B6B,0x800,0x12C000)
0:592  0:001  MAC address of LAN #0= 00:00:00:00:00:00:
0:592  0:000  MAC address of LAN #1= 00:00:00:00:00:00:
0:592  0:000  MAC address of LAN #2= 00:00:00:00:00:00:
0:592  0:000  MAC address of LAN #3= 00:00:00:00:00:00:
0:592  0:000  ScanSPD() start
0:593  0:000  SMBus CmdReg: 0x3
0:593  0:000  Scanning SMBus [8086:8C22], mmio: 0xF7A21004, ioport: 0xF040, hostc: 0x11
0:593  0:000  Slots to scan [8]...
0:607  0:014  SPD[0]: Type 11 @0x50 
0:616  0:008  Not using XMP because it is not present
0:616  0:000  DDR speed 1600MHz 
0:616  0:000  Slot: 0 Type 24 4096MB 1600MHz Vendor=Micron Technology PartNo=8KTF51264HZ-1G6E1E1 SerialNo=0401020A03060C03 
0:636  0:020  SPD[2]: Type 11 @0x52 
0:645  0:008  Not using XMP because it is not present
0:645  0:000  DDR speed 1600MHz 
0:645  0:000  Slot: 2 Type 24 4096MB 1600MHz Vendor=Micron Technology PartNo=8KTF51264HZ-1G6E1E1 SerialNo=0401020A03060C02 
0:675  0:030  ScanSPD() end
0:675  0:000  Get Acpi Tables List from RSDT:
0:675  0:000   Found table: FACP  QA09 len=132
0:675  0:000   Found table: APIC  QA09 len=146
0:675  0:000   Found table: FPDT  QA09 len=68
0:675  0:000   Found table: ASF!   HCG len=165
0:675  0:000   Found table: SSDT  sensrhub len=552
0:675  0:000   Found table: SSDT  zpodd len=413
0:675  0:000   Found table: SLIC  QA09    len=374
0:675  0:000   Found table: SSDT  Cpu0Ist len=1337
0:675  0:000   Found table: SSDT  CpuPm len=2776
0:675  0:000   Found table: SSDT  CtdpB len=1078
0:675  0:000   Found table: MCFG  QA09 len=60
0:675  0:000   Found table: SSDT  DptfTabl len=45412
0:675  0:000   Found table: HPET  QA09 len=56
0:675  0:000   Found table: SSDT  SataTabl len=789
0:675  0:000   Found table: SSDT  SaSsdt  len=13663
0:675  0:000   Found table: SSDT  SgPeg len=5520
0:675  0:000   Found table: DMAR  HSW  len=184
0:675  0:000   Found table: SSDT  OptTabl len=6492
0:675  0:000   Found table: BGRT  QA09 len=56
0:675  0:000   Found table: SSDT  IsctTabl len=1485
0:675  0:000  Calibrated TSC frequency =2494220766 =2494MHz
0:676  0:000  Loading main settings
0:676  0:000  USB FixOwnership: true
0:676  0:000  Dropping 1 tables
0:676  0:000  Drop table 0 signature="DMAR" (52414D44)
0:676  0:000  set table: 52414D44,                0 to drop:  true
0:676  0:000  
0:676  0:000  Config set ChassisType=0xA
0:677  0:000  found 12 volumes with blockIO
0:677  0:000   0. Volume:
0:677  0:000    PciRoot(0x0)\Pci(0x1F,0x2)\Sata(0x4,0xFFFF,0x0)
0:677  0:000   1. Volume:
0:677  0:000    PciRoot(0x0)\Pci(0x1F,0x2)\Sata(0x5,0xFFFF,0x0)
0:678  0:000    Result of bootcode detection: bootable unknown (legacy)
0:678  0:000   2. Volume:
0:678  0:000    PciRoot(0x0)\Pci(0x1F,0x2)\Sata(0x4,0xFFFF,0x0)\HD(1,GPT,4DAD1FD7-CD8D-4659-9658-17897C7C2B6B,0x800,0x12C000)
0:679  0:000    Result of bootcode detection: bootable unknown (legacy)
0:685  0:006    This is SelfVolume !!
0:685  0:000   3. Volume:
0:685  0:000    PciRoot(0x0)\Pci(0x1F,0x2)\Sata(0x4,0xFFFF,0x0)\HD(2,GPT,8D428E1C-08B5-4F27-8751-605A7186EDB6,0x12C800,0xEA60000)
0:686  0:000    Result of bootcode detection: bootable Windows (vista,win)
0:686  0:000   4. Volume:
0:686  0:000    PciRoot(0x0)\Pci(0x1F,0x2)\Sata(0x4,0xFFFF,0x0)\HD(3,GPT,EC334BF3-6B19-4E86-8003-A604C1AC441A,0xEB8C800,0xD261D68)
0:687  0:000   5. Volume:
0:687  0:000    PciRoot(0x0)\Pci(0x1F,0x2)\Sata(0x4,0xFFFF,0x0)\HD(4,GPT,87C1D81F-5753-4370-A65E-561A84711919,0x1BDEE568,0x135F20)
0:687  0:000   6. Volume:
0:687  0:000    PciRoot(0x0)\Pci(0x1F,0x2)\Sata(0x5,0xFFFF,0x0)\HD(1,GPT,72B7BA02-1EF7-4173-BC78-43366B9DCF5E,0x1BA000,0x1233E800)
0:688  0:000    Result of bootcode detection: bootable Windows (vista,win)
0:688  0:000   7. Volume:
0:688  0:000    PciRoot(0x0)\Pci(0x1F,0x2)\Sata(0x5,0xFFFF,0x0)\HD(2,GPT,0000A547-4160-CA1D-41FA-DF138E4A0100,0x124F8800,0x4E641000)
0:689  0:000    Result of bootcode detection: bootable Windows (win)
0:689  0:000   8. Volume:
0:689  0:000    PciRoot(0x0)\Pci(0x1F,0x2)\Sata(0x5,0xFFFF,0x0)\HD(3,GPT,543D9F04-01AE-4734-9C4E-E9BAA4B24F81,0x60B39800,0x165A000)
0:689  0:000   9. Volume:
0:689  0:000    PciRoot(0x0)\Pci(0x1F,0x2)\Sata(0x5,0xFFFF,0x0)\HD(4,GPT,A7F0A594-9519-4FFE-871F-E3236AB4795B,0x62193800,0x83A753D)
0:690  0:000  10. Volume:
0:690  0:000    PciRoot(0x0)\Pci(0x1F,0x2)\Sata(0x5,0xFFFF,0x0)\HD(5,GPT,00039A3F-E0D0-48E9-20F3-D36B7E340700,0x6A53B000,0xA095E68)
0:691  0:000  11. Volume:
0:691  0:000    PciRoot(0x0)\Pci(0x1F,0x2)\Sata(0x5,0xFFFF,0x0)\HD(6,GPT,54CFF93E-641C-43F2-A9B0-41FEE7DA538C,0x745D0E68,0x135F20)
0:693  0:001  theme mavs style chosen from nvram is absent, using theme defined in config: eicapitan
0:696  0:003  Using theme 'eicapitan' (EFI\CLOVER\themes\eicapitan)
0:696  0:000  OS main and drive as badge
0:696  0:000  Warning! Character width should be even!
0:708  0:011  Choosing theme eicapitan
0:708  0:000  found boot-args in NVRAM:nvda_drv=1, size=11
0:708  0:000  ...found arg:nvda_drv=1
0:708  0:000  ...adding arg:nvda_drv=1
0:708  0:000  Custom entries start
0:708  0:000  Custom entry 0 skipped because it is disabled.
0:708  0:000  Custom entries finish
0:708  0:000  Scanning loaders...
0:708  0:000   0: 'Whole Disc Boot' no file system
0:708  0:000   1: 'Whole Disc Boot' no file system
0:708  0:000   2: 'EFI'
0:714  0:005      AddLoaderEntry for Volume Name=EFI
0:714  0:000      Not match custom entry 0: Type: not match
0:761  0:047      AddLoaderEntry for Volume Name=EFI
0:761  0:000      Not match custom entry 0: Type: not match
0:765  0:003    Icon 19 (icons\vol_internal_ext3.icns) not found
0:765  0:000    Theme path EFI\CLOVER\themes\eicapitan, ThemeDir=BF358CD8
0:800  0:035   3: 'Legacy HD2' no file system
0:800  0:000   4: 'OSX'
0:802  0:001      AddLoaderEntry for Volume Name=OSX
0:802  0:000      Not match custom entry 0: Type: not match
0:804  0:002      Check if volume Is Hibernated:
0:804  0:000      Check sleep image 'by signature':
0:809  0:004      read prefs \Library\Preferences\SystemConfiguration\com.apple.PowerManagement.plist status=Success
0:809  0:000      using default sleep image name = \private\var\vm\sleepimage
0:811  0:001      Reading first 512 bytes of sleepimage ...
0:811  0:000   OurBlockIoRead: Lba=1180C848, Offset=2301909000 (BlockSize=512)
0:811  0:000   sig lion: D4020000
0:811  0:000   sig snow: 0
0:811  0:000   no valid sleep image offset was found
0:811  0:000      Reading completed -> Success
0:811  0:000       sleepimage offset could not be acquired
0:811  0:000       hibernated: no - sign
0:818  0:006    Icon 17 (icons\vol_internal_hfs.icns) not found
0:818  0:000    Theme path EFI\CLOVER\themes\eicapitan, ThemeDir=BF358CD8
0:830  0:011   5: 'Recovery HD'
0:830  0:000      AddLoaderEntry for Volume Name=Recovery HD
0:830  0:000      Not match custom entry 0: Type: not match
0:845  0:014   6: 'Legacy HD1' no file system
0:845  0:000   7: 'Legacy HD2' no file system
0:845  0:000   8: 'Legacy HD3' no file system
0:845  0:000   9: 'Legacy HD4' no file system
0:845  0:000  10: 'MAcOS'
0:894  0:048      AddLoaderEntry for Volume Name=MAcOS
0:894  0:000      Not match custom entry 0: Type: not match
0:925  0:030      Check if volume Is Hibernated:
0:925  0:000      Check sleep image 'by signature':
0:987  0:061      read prefs \Library\Preferences\SystemConfiguration\com.apple.PowerManagement.plist status=Success
0:987  0:000      SleepImage name from pref: ImageVolume = 'MAcOS', ImageName = '\private\var\vm\sleepimage'
1:017  0:029      Reading first 512 bytes of sleepimage ...
1:024  0:007   OurBlockIoRead: Lba=6BAFE828, Offset=D75FD05000 (BlockSize=512)
1:024  0:000   sig lion: F1E0BE9D
1:024  0:000   sig snow: 0
1:024  0:000   no valid sleep image offset was found
1:024  0:000      Reading completed -> Success
1:024  0:000       sleepimage offset could not be acquired
1:024  0:000       hibernated: no - sign
1:048  0:023  11: 'Recovery HD'
1:049  0:000      AddLoaderEntry for Volume Name=Recovery HD
1:049  0:000      Not match custom entry 0: Type: not match
1:082  0:033  Custom legacy start
1:082  0:000  Custom legacy end
1:082  0:000  Custom tool start
1:082  0:000  Custom tool end
1:087  0:004  found tool \EFI\CLOVER\tools\Shell64U.efi
1:087  0:000  Checking EFI partition Volume 2 for Clover
1:087  0:000   Found Clover
1:100  0:013  GetEfiBootDeviceFromNvram:
1:101  0:000   efi-boot-device-data: PciRoot(0x0)\Pci(0x1F,0x2)\Sata(0x4,0x0,0x0)\HD(3,GPT,EC334BF3-6B19-4E86-8003-A604C1AC441A,0xEB8C800,0xD261D68)
1:101  0:000   Volume: 'PciRoot(0x0)\Pci(0x1F,0x2)\Sata(0x4,0x0,0x0)\HD(3,GPT,EC334BF3-6B19-4E86-8003-A604C1AC441A,0xEB8C800,0xD261D68)'
1:101  0:000   LoaderPath: '<null string>'
1:101  0:000   Guid = EC334BF3-6B19-4E86-8003-A604C1AC441A
1:101  0:000   volume: partition = PciRoot(0x0)\Pci(0x1F,0x2)\Sata(0x4,0x0,0x0)\HD(3,GPT,EC334BF3-6B19-4E86-8003-A604C1AC441A,0xEB8C800,0xD261D68)
1:101  0:000   searching for that partition
1:101  0:000    found entry 2. 'Boot Mac OS X from OSX', Volume 'OSX'
1:101  0:000  Boot redirected to Entry 2. 'Boot Mac OS X from OSX'
1:101  0:000  DefaultIndex=2 and MainMenu.EntryCount=12
1:101  0:000  Use anime=Anim_1_Logo frames=150
2:575  1:473  GUI ready
16:774  14:199  DSDT found in Clover volume OEM folder: EFI\CLOVER\ACPI\patched\DSDT.aml
16:775  0:000  ========= Auto patch DSDT Starting ========
16:775  0:000  VideoCard devID=0x4168086
16:775  0:000  DisplayADR1[0] = 0x20000, DisplayADR2[0] = 0xFFFE
16:775  0:000  USBADR[0] = 0x140000 and PCIe = 0xFFFE
16:775  0:000  USBADR[1] = 0x1A0000 and PCIe = 0xFFFE
16:925  0:149  Audio HDA (addr:0x1B0000) setting specified layout-id=3 (0x3)
16:925  0:000  USBADR[2] = 0x1D0000 and PCIe = 0xFFFE
16:925  0:000  first CPU found at 62DD offset 62E1
16:925  0:000  score candidate at 62D9
16:925  0:000  score inserted in acpi_cpu_score _PR_
16:925  0:000  Found ACPI CPU: CPU0 And CPU1 And CPU2 And CPU3 And CPU4 And CPU5 And CPU6 And CPU7 
  within the score: _PR_
16:926  0:000  Found PCIROOTUID = 0
16:926  0:000  ========= Auto patch DSDT Finished ========
16:936  0:010  DSDT saved to EFI\CLOVER\ACPI\origin\DSDT-0.aml
17:051  0:114  Found UEFI Acpi 2.0 RSDP at CAC18000
17:051  0:000  Saving ACPI tables from RSDP CAC18000 to EFI\CLOVER\ACPI\origin ...
17:051  0:000   CAC18000: 'RSD PTR ', Rev: 2 (Acpi 2.0 or newer), Len: 36 -> RSDP.aml
17:059  0:008    (Xsdt: CAC180A0, Rsdt: CAC18028)
17:059  0:000    CAC180A0: 'XSDT', 'QA09   ', Rev: 1, Len: 196 -> XSDT.aml
17:070  0:010    CAC18028: 'RSDT', 'QA09   ', Rev: 1, Len: 116 -> RSDT.aml
17:081  0:010    Tables in Xsdt: 20
17:081  0:000    0. CAC243D0: 'FACP', 'QA09', Rev: 5, Len: 268 -> FACP.aml
17:091  0:010        (Dsdt: CAC181F8, Facs: CB5B8080, XDsdt: CAC181F8, XFacs: 0)
17:091  0:000        CAC181F8: 'DSDT', 'QA09', Rev: 2, Len: 49621 -> DSDT.aml
17:106  0:014        CB5B8080: 'FACS', Ver: 2, Len: 64 -> FACS.aml
17:114  0:008    1. CAC244E0: 'APIC', 'QA09', Rev: 3, Len: 146 -> APIC.aml
17:121  0:006    2. CAC24578: 'FPDT', 'QA09', Rev: 1, Len: 68 -> FPDT.aml
17:128  0:006    3. CAC245C0: 'ASF!', ' HCG', Rev: 32, Len: 165 -> ASF!.aml
17:135  0:006    4. CAC24668: 'SSDT', 'sensrhub', Rev: 1, Len: 552 -> SSDT-0.aml
17:142  0:006    5. CAC24890: 'SSDT', 'zpodd', Rev: 1, Len: 413 -> SSDT-1.aml
17:149  0:006    6. CAC24A30: 'SLIC', 'QA09   ', Rev: 1, Len: 374 -> SLIC.aml
17:156  0:006    7. CAC24BA8: 'SSDT', 'Cpu0Ist', Rev: 1, Len: 1337 -> SSDT-2.aml
17:163  0:006    8. CAC250E8: 'SSDT', 'CpuPm', Rev: 1, Len: 2776
 Found hidden SSDT 4 pcs
17:163  0:000        * C9444A98: '$', '', Rev: 0, Len: 23117  24 05 00 10 4D 5A 00 00 00 00 00 00 00 00 00 00       * CAC03618: 'SSDT', 'ApIst', Rev: 1, Len: 1450  53 53 44 54 AA 05 00 00 01 D3 50 6D 52 65 66 00 Internal length = 1450 -> SSDT-4x.aml
17:170  0:006        * CAC03C18: 'SSDT', 'Cpu0Cst', Rev: 1, Len: 979  53 53 44 54 D3 03 00 00 01 B3 50 6D 52 65 66 00 Internal length = 979 -> SSDT-5x.aml
17:176  0:006        * CAC02D98: 'SSDT', 'ApCst', Rev: 1, Len: 281  53 53 44 54 19 01 00 00 01 EF 50 6D 52 65 66 00 Internal length = 281 -> SSDT-6x.aml
17:184  0:007   -> SSDT-3.aml
17:190  0:006    9. CAC25BC0: 'SSDT', 'CtdpB', Rev: 1, Len: 1078 -> SSDT-7.aml
17:198  0:007    10. CAC25FF8: 'MCFG', 'QA09', Rev: 1, Len: 60 -> MCFG.aml
17:205  0:006    11. CAC26038: 'SSDT', 'DptfTabl', Rev: 1, Len: 45412 -> SSDT-8.aml
17:215  0:009    12. CAC311A0: 'HPET', 'QA09', Rev: 1, Len: 56 -> HPET.aml
17:226  0:011    13. CAC311D8: 'SSDT', 'SataTabl', Rev: 1, Len: 789 -> SSDT-9.aml
17:237  0:010    14. CAC314F0: 'SSDT', 'SaSsdt ', Rev: 1, Len: 13663 -> SSDT-10.aml
17:249  0:011    15. CAC34A50: 'SSDT', 'SgPeg', Rev: 1, Len: 5520 -> SSDT-11.aml
17:260  0:011    16. CAC35FE0: 'DMAR', 'HSW ', Rev: 1, Len: 184 -> DMAR.aml
17:271  0:010    17. CAC36098: 'SSDT', 'OptTabl', Rev: 1, Len: 6492 -> SSDT-12.aml
17:283  0:011    18. CAC379F8: 'BGRT', 'QA09', Rev: 0, Len: 56 -> BGRT.aml
17:293  0:010    19. CAC37A30: 'SSDT', 'IsctTabl', Rev: 1, Len: 1485 -> SSDT-13.aml
17:304  0:010    Tables in Rsdt: 20
17:304  0:000    0. CAC18170: 'FACP', 'QA09', Rev: 2, Len: 132 -> RSDT-FACP.aml
17:315  0:010        (Dsdt: CAC181F8, Facs: CB5B8040)
17:315  0:000        CAC181F8: 'DSDT', 'QA09', Rev: 2, Len: 49621
17:319  0:003        CB5B8040: 'FACS', Ver: 0, Len: 64 -> RSDT-FACS.aml
17:329  0:010    1. CAC244E0: 'APIC', 'QA09', Rev: 3, Len: 146
17:329  0:000    2. CAC24578: 'FPDT', 'QA09', Rev: 1, Len: 68
17:329  0:000    3. CAC245C0: 'ASF!', ' HCG', Rev: 32, Len: 165
17:329  0:000    4. CAC24668: 'SSDT', 'sensrhub', Rev: 1, Len: 552
17:329  0:000    5. CAC24890: 'SSDT', 'zpodd', Rev: 1, Len: 413
17:329  0:000    6. CAC24A30: 'SLIC', 'QA09   ', Rev: 1, Len: 374
17:329  0:000    7. CAC24BA8: 'SSDT', 'Cpu0Ist', Rev: 1, Len: 1337
17:329  0:000    8. CAC250E8: 'SSDT', 'CpuPm', Rev: 1, Len: 2776
17:329  0:000    9. CAC25BC0: 'SSDT', 'CtdpB', Rev: 1, Len: 1078
17:329  0:000    10. CAC25FF8: 'MCFG', 'QA09', Rev: 1, Len: 60
17:329  0:000    11. CAC26038: 'SSDT', 'DptfTabl', Rev: 1, Len: 45412
17:329  0:000    12. CAC311A0: 'HPET', 'QA09', Rev: 1, Len: 56
17:329  0:000    13. CAC311D8: 'SSDT', 'SataTabl', Rev: 1, Len: 789
17:329  0:000    14. CAC314F0: 'SSDT', 'SaSsdt ', Rev: 1, Len: 13663
17:330  0:000    15. CAC34A50: 'SSDT', 'SgPeg', Rev: 1, Len: 5520
17:330  0:000    16. CAC35FE0: 'DMAR', 'HSW ', Rev: 1, Len: 184
17:330  0:000    17. CAC36098: 'SSDT', 'OptTabl', Rev: 1, Len: 6492
17:330  0:000    18. CAC379F8: 'BGRT', 'QA09', Rev: 0, Len: 56
17:330  0:000    19. CAC37A30: 'SSDT', 'IsctTabl', Rev: 1, Len: 1485
17:330  0:000  Found UEFI Acpi 1.0 RSDP at CAC18000
17:330  0:000  Printing ACPI tables from RSDP CAC18000 ...
17:330  0:000   CAC18000: 'RSD PTR ', Rev: 2 (Acpi 2.0 or newer), Len: 36
17:330  0:000    (Xsdt: CAC180A0, Rsdt: CAC18028)
17:330  0:000    CAC180A0: 'XSDT', 'QA09   ', Rev: 1, Len: 196
17:330  0:000    CAC18028: 'RSDT', 'QA09   ', Rev: 1, Len: 116
17:330  0:000    Tables in Xsdt: 20
17:330  0:000    0. CAC243D0: 'FACP', 'QA09', Rev: 5, Len: 268
17:330  0:000        (Dsdt: CAC181F8, Facs: CB5B8080, XDsdt: CAC181F8, XFacs: 0)
17:330  0:000        CAC181F8: 'DSDT', 'QA09', Rev: 2, Len: 49621
17:333  0:003        CB5B8080: 'FACS', Ver: 2, Len: 64
17:333  0:000    1. CAC244E0: 'APIC', 'QA09', Rev: 3, Len: 146
17:333  0:000    2. CAC24578: 'FPDT', 'QA09', Rev: 1, Len: 68
17:333  0:000    3. CAC245C0: 'ASF!', ' HCG', Rev: 32, Len: 165
17:333  0:000    4. CAC24668: 'SSDT', 'sensrhub', Rev: 1, Len: 552
17:333  0:000    5. CAC24890: 'SSDT', 'zpodd', Rev: 1, Len: 413
17:333  0:000    6. CAC24A30: 'SLIC', 'QA09   ', Rev: 1, Len: 374
17:333  0:000    7. CAC24BA8: 'SSDT', 'Cpu0Ist', Rev: 1, Len: 1337
17:333  0:000    8. CAC250E8: 'SSDT', 'CpuPm', Rev: 1, Len: 2776
17:333  0:000    9. CAC25BC0: 'SSDT', 'CtdpB', Rev: 1, Len: 1078
17:333  0:000    10. CAC25FF8: 'MCFG', 'QA09', Rev: 1, Len: 60
17:333  0:000    11. CAC26038: 'SSDT', 'DptfTabl', Rev: 1, Len: 45412
17:333  0:000    12. CAC311A0: 'HPET', 'QA09', Rev: 1, Len: 56
17:333  0:000    13. CAC311D8: 'SSDT', 'SataTabl', Rev: 1, Len: 789
17:333  0:000    14. CAC314F0: 'SSDT', 'SaSsdt ', Rev: 1, Len: 13663
17:333  0:000    15. CAC34A50: 'SSDT', 'SgPeg', Rev: 1, Len: 5520
17:333  0:000    16. CAC35FE0: 'DMAR', 'HSW ', Rev: 1, Len: 184
17:333  0:000    17. CAC36098: 'SSDT', 'OptTabl', Rev: 1, Len: 6492
17:333  0:000    18. CAC379F8: 'BGRT', 'QA09', Rev: 0, Len: 56
17:333  0:000    19. CAC37A30: 'SSDT', 'IsctTabl', Rev: 1, Len: 1485
17:333  0:000    Tables in Rsdt: 20
17:333  0:000    0. CAC18170: 'FACP', 'QA09', Rev: 2, Len: 132
17:333  0:000        (Dsdt: CAC181F8, Facs: CB5B8040)
17:333  0:000        CAC181F8: 'DSDT', 'QA09', Rev: 2, Len: 49621
17:336  0:003        CB5B8040: 'FACS', Ver: 0, Len: 64
17:336  0:000    1. CAC244E0: 'APIC', 'QA09', Rev: 3, Len: 146
17:336  0:000    2. CAC24578: 'FPDT', 'QA09', Rev: 1, Len: 68
17:336  0:000    3. CAC245C0: 'ASF!', ' HCG', Rev: 32, Len: 165
17:336  0:000    4. CAC24668: 'SSDT', 'sensrhub', Rev: 1, Len: 552
17:336  0:000    5. CAC24890: 'SSDT', 'zpodd', Rev: 1, Len: 413
17:336  0:000    6. CAC24A30: 'SLIC', 'QA09   ', Rev: 1, Len: 374
17:336  0:000    7. CAC24BA8: 'SSDT', 'Cpu0Ist', Rev: 1, Len: 1337
17:336  0:000    8. CAC250E8: 'SSDT', 'CpuPm', Rev: 1, Len: 2776
17:336  0:000    9. CAC25BC0: 'SSDT', 'CtdpB', Rev: 1, Len: 1078
17:336  0:000    10. CAC25FF8: 'MCFG', 'QA09', Rev: 1, Len: 60
17:336  0:000    11. CAC26038: 'SSDT', 'DptfTabl', Rev: 1, Len: 45412
17:336  0:000    12. CAC311A0: 'HPET', 'QA09', Rev: 1, Len: 56
17:336  0:000    13. CAC311D8: 'SSDT', 'SataTabl', Rev: 1, Len: 789
17:336  0:000    14. CAC314F0: 'SSDT', 'SaSsdt ', Rev: 1, Len: 13663
17:336  0:000    15. CAC34A50: 'SSDT', 'SgPeg', Rev: 1, Len: 5520
17:336  0:000    16. CAC35FE0: 'DMAR', 'HSW ', Rev: 1, Len: 184
17:336  0:000    17. CAC36098: 'SSDT', 'OptTabl', Rev: 1, Len: 6492
17:336  0:000    18. CAC379F8: 'BGRT', 'QA09', Rev: 0, Len: 56
17:336  0:000    19. CAC37A30: 'SSDT', 'IsctTabl', Rev: 1, Len: 1485
17:347  0:011  ReinitSelfLib after theme change
17:347  0:000  reinit: self device path=PciRoot(0x0)\Pci(0x1F,0x2)\Sata(0x4,0xFFFF,0x0)\HD(1,GPT,4DAD1FD7-CD8D-4659-9658-17897C7C2B6B,0x800,0x12C000)
17:347  0:000  found 12 volumes with blockIO
17:347  0:000   0. Volume:
17:347  0:000    PciRoot(0x0)\Pci(0x1F,0x2)\Sata(0x4,0xFFFF,0x0)
17:350  0:003   1. Volume:
17:350  0:000    PciRoot(0x0)\Pci(0x1F,0x2)\Sata(0x5,0xFFFF,0x0)
17:351  0:000    Result of bootcode detection: bootable unknown (legacy)
17:351  0:000   2. Volume:
17:351  0:000    PciRoot(0x0)\Pci(0x1F,0x2)\Sata(0x4,0xFFFF,0x0)\HD(1,GPT,4DAD1FD7-CD8D-4659-9658-17897C7C2B6B,0x800,0x12C000)
17:352  0:000    Result of bootcode detection: bootable unknown (legacy)
17:352  0:000    This is SelfVolume !!
17:352  0:000   3. Volume:
17:352  0:000    PciRoot(0x0)\Pci(0x1F,0x2)\Sata(0x4,0xFFFF,0x0)\HD(2,GPT,8D428E1C-08B5-4F27-8751-605A7186EDB6,0x12C800,0xEA60000)
17:353  0:000    Result of bootcode detection: bootable Windows (vista,win)
17:353  0:000   4. Volume:
17:353  0:000    PciRoot(0x0)\Pci(0x1F,0x2)\Sata(0x4,0xFFFF,0x0)\HD(3,GPT,EC334BF3-6B19-4E86-8003-A604C1AC441A,0xEB8C800,0xD261D68)
17:354  0:000   5. Volume:
17:354  0:000    PciRoot(0x0)\Pci(0x1F,0x2)\Sata(0x4,0xFFFF,0x0)\HD(4,GPT,87C1D81F-5753-4370-A65E-561A84711919,0x1BDEE568,0x135F20)
17:354  0:000   6. Volume:
17:354  0:000    PciRoot(0x0)\Pci(0x1F,0x2)\Sata(0x5,0xFFFF,0x0)\HD(1,GPT,72B7BA02-1EF7-4173-BC78-43366B9DCF5E,0x1BA000,0x1233E800)
17:355  0:000    Result of bootcode detection: bootable Windows (vista,win)
17:355  0:000   7. Volume:
17:355  0:000    PciRoot(0x0)\Pci(0x1F,0x2)\Sata(0x5,0xFFFF,0x0)\HD(2,GPT,0000A547-4160-CA1D-41FA-DF138E4A0100,0x124F8800,0x4E641000)
17:356  0:000    Result of bootcode detection: bootable Windows (win)
17:356  0:000   8. Volume:
17:356  0:000    PciRoot(0x0)\Pci(0x1F,0x2)\Sata(0x5,0xFFFF,0x0)\HD(3,GPT,543D9F04-01AE-4734-9C4E-E9BAA4B24F81,0x60B39800,0x165A000)
17:356  0:000   9. Volume:
17:356  0:000    PciRoot(0x0)\Pci(0x1F,0x2)\Sata(0x5,0xFFFF,0x0)\HD(4,GPT,A7F0A594-9519-4FFE-871F-E3236AB4795B,0x62193800,0x83A753D)
17:357  0:000  10. Volume:
17:357  0:000    PciRoot(0x0)\Pci(0x1F,0x2)\Sata(0x5,0xFFFF,0x0)\HD(5,GPT,00039A3F-E0D0-48E9-20F3-D36B7E340700,0x6A53B000,0xA095E68)
17:358  0:000  11. Volume:
17:358  0:000    PciRoot(0x0)\Pci(0x1F,0x2)\Sata(0x5,0xFFFF,0x0)\HD(6,GPT,54CFF93E-641C-43F2-A9B0-41FEE7DA538C,0x745D0E68,0x135F20)
17:358  0:000  Choosing theme eicapitan
17:358  0:000  found boot-args in NVRAM:nvda_drv=1, size=11
17:358  0:000  ...found arg:nvda_drv=1
17:358  0:000  Custom entries start
17:358  0:000  Custom entry 0 skipped because it is disabled.
17:358  0:000  Custom entries finish
17:358  0:000  Scanning loaders...
17:358  0:000   0: 'Whole Disc Boot' no file system
17:358  0:000   1: 'Whole Disc Boot' no file system
17:358  0:000   2: 'EFI'
17:364  0:005      AddLoaderEntry for Volume Name=EFI
17:364  0:000      Not match custom entry 0: Type: not match
17:405  0:041      AddLoaderEntry for Volume Name=EFI
17:405  0:000      Not match custom entry 0: Type: not match
17:444  0:038   3: 'Legacy HD2' no file system
17:444  0:000   4: 'OSX'
17:445  0:000      AddLoaderEntry for Volume Name=OSX
17:445  0:000      Not match custom entry 0: Type: not match
17:445  0:000      Check if volume Is Hibernated:
17:445  0:000      Check sleep image 'by signature':
17:446  0:000      read prefs \Library\Preferences\SystemConfiguration\com.apple.PowerManagement.plist status=Success
17:446  0:000      using default sleep image name = \private\var\vm\sleepimage
17:446  0:000      Reading first 512 bytes of sleepimage ...
17:446  0:000      Reading completed -> Success
17:446  0:000       sleepimage offset could not be acquired
17:446  0:000       hibernated: no - sign
17:464  0:018   5: 'Recovery HD'
17:465  0:000      AddLoaderEntry for Volume Name=Recovery HD
17:465  0:000      Not match custom entry 0: Type: not match
17:479  0:014   6: 'Legacy HD1' no file system
17:479  0:000   7: 'Legacy HD2' no file system
17:479  0:000   8: 'Legacy HD3' no file system
17:479  0:000   9: 'Legacy HD4' no file system
17:479  0:000  10: 'MAcOS'
17:479  0:000      AddLoaderEntry for Volume Name=MAcOS
17:480  0:000      Not match custom entry 0: Type: not match
17:480  0:000      Check if volume Is Hibernated:
17:480  0:000      Check sleep image 'by signature':
17:481  0:000      read prefs \Library\Preferences\SystemConfiguration\com.apple.PowerManagement.plist status=Success
17:481  0:000      SleepImage name from pref: ImageVolume = 'MAcOS', ImageName = '\private\var\vm\sleepimage'
17:481  0:000      Reading first 512 bytes of sleepimage ...
17:481  0:000      Reading completed -> Success
17:481  0:000       sleepimage offset could not be acquired
17:481  0:000       hibernated: no - sign
17:495  0:014  11: 'Recovery HD'
17:496  0:000      AddLoaderEntry for Volume Name=Recovery HD
17:496  0:000      Not match custom entry 0: Type: not match
17:509  0:013  Custom legacy start
17:509  0:000  Custom legacy end
17:509  0:000  Custom tool start
17:509  0:000  Custom tool end
17:513  0:003  found tool \EFI\CLOVER\tools\Shell64U.efi
17:513  0:000  Checking EFI partition Volume 2 for Clover
17:513  0:000   Found Clover
17:513  0:000  GetEfiBootDeviceFromNvram:already parsed
17:513  0:000   volume: partition = PciRoot(0x0)\Pci(0x1F,0x2)\Sata(0x4,0x0,0x0)\HD(3,GPT,EC334BF3-6B19-4E86-8003-A604C1AC441A,0xEB8C800,0xD261D68)
17:513  0:000   searching for that partition
17:513  0:000    found entry 2. 'Boot Mac OS X from OSX', Volume 'OSX'
17:513  0:000  Boot redirected to Entry 2. 'Boot Mac OS X from OSX'
17:513  0:000  DefaultIndex=2 and MainMenu.EntryCount=12
17:513  0:000  Use anime=Anim_1_Logo frames=150
